TN:
SF:/home/gianfranco/GitHub/Trail-Of-Bits-how-to-fuzz-like-a-pro-homework/part2/staker/node_modules/@openzeppelin/contracts/token/ERC20/ERC20.sol
DA:1,0
DA:38,0
DA:54,0
DA:55,0
DA:56,0
DA:62,0
DA:63,0
DA:70,0
DA:71,0
DA:87,0
DA:88,0
DA:94,0
DA:95,0
DA:101,39
DA:102,21
DA:113,0
DA:114,0
DA:115,0
DA:116,0
DA:122,7
DA:123,38
DA:136,0
DA:137,0
DA:138,0
DA:139,0
DA:158,19
DA:159,7
DA:160,6
DA:161,0
DA:162,0
DA:177,0
DA:178,0
DA:179,0
DA:180,0
DA:197,0
DA:198,0
DA:199,0
DA:200,0
DA:202,0
DA:205,0
DA:222,0
DA:223,0
DA:224,0
DA:226,0
DA:228,0
DA:229,0
DA:231,0
DA:234,0
DA:237,0
DA:239,0
DA:251,0
DA:252,0
DA:254,0
DA:256,0
DA:259,0
DA:261,0
DA:263,0
DA:308,0
DA:309,0
DA:310,0
DA:312,0
DA:313,0
DA:324,1
DA:325,9
DA:326,5
DA:327,25
DA:329,0
DA:348,0
DA:364,0
end_of_record

SF:/home/gianfranco/GitHub/Trail-Of-Bits-how-to-fuzz-like-a-pro-homework/part2/staker/node_modules/@openzeppelin/contracts/token/ERC20/IERC20.sol
end_of_record

SF:/home/gianfranco/GitHub/Trail-Of-Bits-how-to-fuzz-like-a-pro-homework/part2/staker/node_modules/@openzeppelin/contracts/token/ERC20/extensions/IERC20Metadata.sol
end_of_record

SF:/home/gianfranco/GitHub/Trail-Of-Bits-how-to-fuzz-like-a-pro-homework/part2/staker/node_modules/@openzeppelin/contracts/utils/Context.sol
DA:17,4
DA:18,3
end_of_record

SF:/home/gianfranco/GitHub/Trail-Of-Bits-how-to-fuzz-like-a-pro-homework/part2/staker/contracts/Solution.sol
DA:6,0
DA:8,0
DA:10,0
DA:11,0
DA:14,0
DA:18,0
DA:19,0
DA:21,0
DA:22,0
DA:27,0
DA:33,0
DA:35,0
DA:37,0
DA:39,0
DA:43,0
DA:45,0
DA:47,0
DA:49,0
DA:51,0
DA:53,0
DA:54,0
DA:56,0
DA:60,0
DA:62,0
DA:64,0
DA:66,0
DA:68,0
DA:70,0
DA:71,0
DA:73,0
end_of_record

SF:/home/gianfranco/GitHub/Trail-Of-Bits-how-to-fuzz-like-a-pro-homework/part2/staker/contracts/Staker.sol
DA:5,39
DA:7,51
DA:9,0
DA:12,0
DA:13,0
DA:17,19
DA:19,60
DA:20,0
DA:23,0
DA:25,0
DA:29,0
DA:31,0
DA:33,0
DA:35,0
DA:36,0
DA:37,0
end_of_record

SF:/home/gianfranco/GitHub/Trail-Of-Bits-how-to-fuzz-like-a-pro-homework/part2/staker/contracts/Template.sol
DA:6,55
DA:8,0
DA:10,0
DA:11,0
DA:16,33
DA:22,0
DA:23,0
DA:24,0
DA:25,0
DA:29,18
DA:31,81
DA:33,93
DA:35,79
DA:38,87
DA:39,0
DA:40,0
DA:41,6
DA:45,18
DA:47,84
DA:49,0
DA:51,0
DA:53,0
DA:55,0
end_of_record

