TN:
SF:/home/gianfranco/GitHub/Trail-Of-Bits-how-to-fuzz-like-a-pro-homework/part2/abdk/ABDKMath64x64.sol
DA:16,0
DA:20,5
DA:25,4
DA:34,0
DA:36,0
DA:37,0
DA:48,6
DA:50,8
DA:61,6
DA:63,7
DA:64,6
DA:117,7
DA:120,10
DA:121,23
DA:122,4
DA:133,7
DA:135,10
DA:136,19
DA:137,4
DA:148,7
DA:150,13
DA:151,23
DA:152,4
DA:228,7
DA:230,12
DA:231,17
DA:232,23
DA:233,4
DA:305,6
DA:307,13
DA:308,17
DA:461,6
DA:463,12
DA:465,1
DA:466,6
DA:467,17
DA:468,17
DA:469,17
DA:470,17
DA:471,17
DA:472,17
DA:473,11
DA:475,9
DA:476,11
DA:477,22
DA:478,5
DA:479,7
DA:480,8
DA:481,7
DA:484,7
end_of_record

SF:/home/gianfranco/GitHub/Trail-Of-Bits-how-to-fuzz-like-a-pro-homework/part2/abdk/EchidnaABDKMath64x64.sol
DA:5,44
DA:18,6
DA:19,7
DA:22,6
DA:23,7
DA:38,7
DA:39,8
DA:42,7
DA:43,8
DA:46,7
DA:47,8
DA:58,7
DA:59,8
DA:74,6
DA:75,7
DA:98,6
DA:99,7
DA:118,0
DA:119,0
DA:120,0
DA:121,0
DA:122,0
DA:123,0
DA:124,0
DA:125,0
DA:126,0
DA:127,0
DA:128,0
DA:133,0
DA:184,7
DA:188,1
DA:189,22
DA:191,20
DA:211,7
DA:214,1
DA:215,22
DA:216,22
DA:218,14
DA:219,14
DA:220,20
DA:222,17
DA:223,15
DA:282,28
DA:283,9
DA:284,9
DA:285,9
DA:286,9
DA:288,10
DA:292,25
DA:293,19
DA:294,9
DA:295,9
DA:296,19
DA:297,10
DA:302,25
DA:305,9
DA:306,9
DA:308,21
DA:309,10
DA:311,10
DA:317,28
DA:320,9
DA:321,9
DA:322,9
DA:323,9
DA:325,16
DA:326,16
DA:327,3
DA:328,9
DA:330,3
DA:331,9
DA:334,20
end_of_record

